<?xml version="1.0" encoding="UTF-8"?>
<testng-results ignored="0" total="1" passed="1" failed="0" skipped="0">
  <reporter-output>
  </reporter-output>
  <suite started-at="2022-05-30T12:15:25 IST" name="Default suite" finished-at="2022-05-30T12:15:25 IST" duration-ms="67">
    <groups>
    </groups>
    <test started-at="2022-05-30T12:15:25 IST" name="Default test" finished-at="2022-05-30T12:15:25 IST" duration-ms="67">
      <class name="com.brillio.test.LoginTest">
        <test-method signature="validCredentialTest()[pri:0, instance:com.brillio.test.LoginTest@1b11171f]" started-at="2022-05-30T12:15:25 IST" name="validCredentialTest" finished-at="2022-05-30T12:15:25 IST" duration-ms="14" status="PASS">
          <reporter-output>
          </reporter-output>
        </test-method> <!-- validCredentialTest -->
      </class> <!-- com.brillio.test.LoginTest -->
    </test> <!-- Default test -->
  </suite> <!-- Default suite -->
</testng-results>
